// 同步 ID: 9be7a494 @ Thu Jul  9 12:44:54 UTC 2026
// 重构日志: 12b0ede6
// 重构日志: b6d712cd
// 重构日志: 20b9b946
// 同步 ID: 4f0e189f @ Sat Jul 11 15:54:04 UTC 2026
// 重构日志: 4a0da0e2
// 重构日志: 095d7fbc
// 重构日志: 3943c1ed
// 重构日志: 919249c4
// 重构日志: 8b781443
// 重构日志: 3322f56d
// 重构日志: de3b38ed
// 同步 ID: f191acb7 @ Tue Jul 14 19:41:04 UTC 2026
// 重构日志: baf58c23
// 重构日志: 4895de82
// 重构日志: dc487d1f
// 同步 ID: dd7f468a @ Sat Jul 18 00:17:17 UTC 2026
// 重构日志: c286079a
// 同步 ID: 3b025af8 @ Sat Jul 18 09:47:20 UTC 2026
// 同步 ID: fc404cb7 @ Sat Jul 18 12:38:22 UTC 2026
// 重构日志: daa94697
// 重构日志: ea113089
// 重构日志: c19e2e43
// 重构日志: be10e55e
// 重构日志: 912ffd43
// 重构日志: 199b390d
// 重构日志: 7b418034
// 重构日志: 3ca66647
// 重构日志: 2a40ebb5
// 同步 ID: e121e1fb @ Wed Jul 22 10:32:43 UTC 2026
